SF:lib/core/infrastructure/web_file_system_service.dart
DA:21,1
DA:26,4
DA:31,3
DA:34,1
DA:39,1
DA:45,1
DA:48,2
DA:51,3
DA:55,2
DA:58,4
DA:61,1
DA:66,2
DA:72,1
DA:75,1
DA:83,1
DA:87,1
DA:89,3
DA:94,1
DA:98,2
DA:100,3
DA:111,2
DA:112,4
DA:114,6
DA:120,2
DA:121,4
DA:127,2
DA:128,4
DA:134,1
DA:135,2
DA:136,2
LF:30
LH:30
end_of_record
SF:lib/core/infrastructure/web_download_service.dart
DA:27,1
DA:29,1
DA:33,2
DA:35,3
DA:40,2
DA:44,1
DA:55,3
DA:62,2
DA:63,3
DA:66,1
DA:67,1
DA:72,2
DA:74,3
DA:80,1
DA:87,1
DA:90,1
DA:96,1
DA:100,3
LF:18
LH:18
end_of_record
